<?xml version="1.0" encoding="UTF-8" ?>
<testsuite tests="5" failures="0" name="com.metamug.mason.entity.auth.JWebTokenTest" time="0.489" errors="0" skipped="0">
  <properties>
[...]
</properties>
  <testcase classname="com.metamug.mason.entity.auth.JWebTokenTest" name="testBadHeaderFormat" time="0.429"/>
  <testcase classname="com.metamug.mason.entity.auth.JWebTokenTest" name="testIncorrectHeader" time="0"/>
  <testcase classname="com.metamug.mason.entity.auth.JWebTokenTest" name="testWithData" time="0.001"/>
  <testcase classname="com.metamug.mason.entity.auth.JWebTokenTest" name="testWithJson" time="0"/>
  <testcase classname="com.metamug.mason.entity.auth.JWebTokenTest" name="generateToken" time="0.001"/>
</testsuite>